2017-12-26 19:12:16,575 Starting script
2017-12-26 19:12:17,157 Sending email to venkatrt96@gmail.com
2017-12-26 19:12:26,990 Email sent.
2017-12-26 19:32:22,895 Starting script
2017-12-26 19:32:23,019 Sending email to venkatrt96@gmail.com
2017-12-26 19:32:32,392 Email sent.
2017-12-26 19:34:14,513 Starting script
2017-12-26 19:34:14,654 Sending email to venkatrt96@gmail.com
2017-12-26 19:34:18,608 Email sent.
2017-12-26 19:48:26,164 Starting script
2017-12-26 19:48:26,289 Sending email to venkatrt96@gmail.com
2017-12-26 19:48:30,464 Email sent.
2017-12-26 19:50:52,809 Starting script
2017-12-26 19:50:52,937 Sending email to venkatrt96@gmail.com
2017-12-26 19:50:56,733 Email sent.
2017-12-26 19:54:51,105 Starting script
2017-12-26 19:54:51,233 Sending email to venkatrt96@gmail.com
2017-12-26 19:54:54,976 Email sent.
2017-12-26 19:57:55,378 Starting script
2017-12-26 19:57:55,507 Sending email to venkatrt96@gmail.com
2017-12-26 19:58:00,249 Email sent.
2017-12-26 20:00:06,221 Starting script
2017-12-26 20:00:06,352 Sending email to venkatrt96@gmail.com
2017-12-26 20:00:11,410 Email sent.
2017-12-26 20:06:54,214 Starting script
2017-12-26 20:06:54,348 Sending email to venkatrt96@gmail.com
2017-12-26 20:07:00,236 Email sent.
2017-12-26 20:12:03,115 Starting script
2017-12-26 20:12:03,301 Sending email to venkatrt96@gmail.com
2017-12-26 20:12:09,240 Email sent.
2017-12-26 21:33:50,219 Starting script
2017-12-26 21:35:55,555 Starting script
2017-12-26 21:36:21,427 Starting script
2017-12-26 21:37:21,852 Starting script
2017-12-26 21:37:52,494 Starting script
2017-12-26 21:39:33,552 Starting script
2017-12-26 21:40:00,561 Starting script
2017-12-26 21:42:12,506 Starting script
2017-12-26 21:43:50,779 Starting script
2017-12-26 21:48:18,773 Starting script
2017-12-26 21:48:44,082 Starting script
2017-12-26 21:50:16,443 Starting script
2017-12-26 21:50:16,700 Sending email to venkatrt96@gmail.com
2017-12-26 21:50:23,125 Email sent.
2017-12-26 21:53:26,872 Starting script
2017-12-26 21:53:26,970 Sending email to venkatrt96@gmail.com
2017-12-26 21:53:32,473 Email sent.
2017-12-26 22:07:33,515 Starting script
2017-12-26 22:07:33,556 Sending email to venkatrt96@gmail.com
2017-12-26 22:07:42,674 Email sent.
2017-12-26 22:12:25,276 Starting script
2017-12-26 22:12:25,318 Sending email to venkatrt96@gmail.com
2017-12-26 22:12:36,786 Email sent.
2017-12-26 22:13:12,809 Starting script
2017-12-26 22:13:12,857 Sending email to venkatrt96@gmail.com
2017-12-26 22:13:18,214 Email sent.
2017-12-26 22:18:01,095 Starting script
2017-12-26 22:18:01,135 Sending email to venkatrt96@gmail.com
2017-12-26 22:18:06,328 Email sent.
2017-12-26 22:18:06,726 Sending email to vrbuddy50@gmail.com
2017-12-26 22:18:11,006 Email sent.
2017-12-26 22:18:38,530 Starting script
2017-12-26 22:18:38,572 Sending email to venkatrt96@gmail.com
2017-12-26 22:18:44,933 Email sent.
2017-12-26 22:18:45,361 Sending email to vrbuddy50@gmail.com
2017-12-26 22:18:49,173 Email sent.
2017-12-26 22:19:06,862 Starting script
2017-12-26 22:19:06,907 Sending email to venkatrt96@gmail.com
2017-12-26 22:19:11,904 Email sent.
2017-12-26 22:19:12,312 Sending email to vrbuddy50@gmail.com
2017-12-26 22:19:16,280 Email sent.
2017-12-26 23:31:34,523 Starting script
2017-12-26 23:31:34,566 Sending email to venkatrt96@gmail.com
2017-12-26 23:31:39,999 Email sent.
2017-12-26 23:31:40,414 Sending email to vrbuddy50@gmail.com
2017-12-26 23:31:45,627 Email sent.
2017-12-26 23:34:43,757 Starting script
2017-12-26 23:34:43,798 Sending email to venkatrt96@gmail.com
2017-12-26 23:34:49,088 Email sent.
2017-12-26 23:34:49,529 Sending email to vrbuddy50@gmail.com
2017-12-26 23:34:53,457 Email sent.
2017-12-26 23:34:53,865 Sending email to saraswat.dhruv@gmail.com
2017-12-26 23:34:57,763 Email sent.
2017-12-26 23:48:46,140 Starting script
2017-12-26 23:48:46,180 Sending email to venkatrt96@gmail.com
2017-12-26 23:48:51,142 Email sent.
2017-12-26 23:48:51,588 Sending email to vrbuddy50@gmail.com
2017-12-26 23:48:55,509 Email sent.
2017-12-26 23:48:55,953 Sending email to saraswat.dhruv@gmail.com
2017-12-26 23:48:59,687 Email sent.
